<?xml version="1.0" encoding="UTF-8"?>
<!-- Generated by org.testng.reporters.JUnitXMLReporter -->
<testsuite hostname="DESKTOP-B75F35K" ignored="4" name="Default test" tests="20" failures="0" timestamp="14 Dec 2018 08:54:31 GMT" time="384.767" errors="0">
  <testcase name="ValidateLogin" time="43.902" classname="smokeTest.ValidateSmokeTest"/>
  <testcase name="ValidateMarkITPlacePage" time="3.183" classname="smokeTest.ValidateSmokeTest"/>
  <testcase name="ValidateManageTab" time="9.714" classname="smokeTest.ValidateSmokeTest"/>
  <testcase name="ValidateInsightTab" time="3.973" classname="smokeTest.ValidateSmokeTest"/>
  <testcase name="ValidateNotificationPage" time="24.945" classname="smokeTest.ValidateSmokeTest"/>
  <testcase name="ValidateLogo" time="3.061" classname="smokeTest.ValidateSmokeTest"/>
  <testcase name="ValidateMyProfile" time="20.541" classname="smokeTest.ValidateSmokeTest"/>
  <testcase name="ValidateEditProfile" time="19.797" classname="smokeTest.ValidateSmokeTest"/>
  <testcase name="ValidateChangePassword" time="28.778" classname="smokeTest.ValidateSmokeTest"/>
  <testcase name="ValidateCatalogRestriction" time="17.515" classname="smokeTest.ValidateSmokeTest"/>
  <testcase name="ValidateDomainLink" time="19.559" classname="smokeTest.ValidateSmokeTest"/>
  <testcase name="ValidateAddressPage" time="28.535" classname="smokeTest.ValidateSmokeTest"/>
  <testcase name="ValidateUsersPage" time="56.244" classname="smokeTest.ValidateSmokeTest"/>
  <testcase name="ValidateRequestTab" time="2.282" classname="smokeTest.ValidateSmokeTest"/>
  <testcase name="ValidateInviteTab" time="2.218" classname="smokeTest.ValidateSmokeTest"/>
  <testcase name="ValidateLogout" time="5.301" classname="smokeTest.ValidateSmokeTest"/>
  <testcase name="ValidateForgetPswd" time="10.127" classname="smokeTest.ValidateSmokeTest"/>
  <testcase name="ValidateRegPage" time="14.047" classname="smokeTest.ValidateSmokeTest"/>
  <testcase name="ValidateManagementLogin" time="45.855" classname="smokeTest.ValidateSmokeTest"/>
  <testcase name="ValidateMngmntUsersTab" time="24.971" classname="smokeTest.ValidateSmokeTest"/>
  <testcase name="ValidateAccountSettings" time="0.0" classname="smokeTest.ValidateSmokeTest">
    <ignored/>
  </testcase> <!-- ValidateAccountSettings -->
  <testcase name="ValidateSetNotifications" time="0.0" classname="smokeTest.ValidateSmokeTest">
    <ignored/>
  </testcase> <!-- ValidateSetNotifications -->
  <testcase name="ValidateLoginUser" time="0.0" classname="smokeTest.ValidateSmokeTest">
    <ignored/>
  </testcase> <!-- ValidateLoginUser -->
  <testcase name="ValidateMyAccountList" time="0.0" classname="smokeTest.ValidateSmokeTest">
    <ignored/>
  </testcase> <!-- ValidateMyAccountList -->
</testsuite> <!-- Default test -->
