<?xml version="1.0" encoding="UTF-8"?>
<testng-results skipped="0" failed="0" ignored="4" total="24" passed="20">
  <reporter-output>
  </reporter-output>
  <suite name="Default suite" duration-ms="384767" started-at="2018-12-14T08:48:07Z" finished-at="2018-12-14T08:54:31Z">
    <groups>
    </groups>
    <test name="Default test" duration-ms="384767" started-at="2018-12-14T08:48:07Z" finished-at="2018-12-14T08:54:31Z">
      <class name="smokeTest.ValidateSmokeTest">
        <test-method status="PASS" signature="ValidateLogin()[pri:0, instance:smokeTest.ValidateSmokeTest@4b5a5ed1]" name="ValidateLogin" duration-ms="43902" started-at="2018-12-14T13:48:07Z" finished-at="2018-12-14T13:48:50Z">
          <reporter-output>
          </reporter-output>
        </test-method> <!-- ValidateLogin -->
        <test-method status="PASS" signature="ValidateMarkITPlacePage()[pri:1, instance:smokeTest.ValidateSmokeTest@4b5a5ed1]" name="ValidateMarkITPlacePage" duration-ms="3183" started-at="2018-12-14T13:48:50Z" depends-on-methods="smokeTest.ValidateSmokeTest.ValidateLogin" finished-at="2018-12-14T13:48:54Z">
          <reporter-output>
          </reporter-output>
        </test-method> <!-- ValidateMarkITPlacePage -->
        <test-method status="PASS" signature="ValidateManageTab()[pri:2, instance:smokeTest.ValidateSmokeTest@4b5a5ed1]" name="ValidateManageTab" duration-ms="9714" started-at="2018-12-14T13:48:54Z" depends-on-methods="smokeTest.ValidateSmokeTest.ValidateLogin" finished-at="2018-12-14T13:49:03Z">
          <reporter-output>
          </reporter-output>
        </test-method> <!-- ValidateManageTab -->
        <test-method status="PASS" signature="ValidateInsightTab()[pri:3, instance:smokeTest.ValidateSmokeTest@4b5a5ed1]" name="ValidateInsightTab" duration-ms="3973" started-at="2018-12-14T13:49:03Z" depends-on-methods="smokeTest.ValidateSmokeTest.ValidateLogin" finished-at="2018-12-14T13:49:07Z">
          <reporter-output>
          </reporter-output>
        </test-method> <!-- ValidateInsightTab -->
        <test-method status="PASS" signature="ValidateNotificationPage()[pri:4, instance:smokeTest.ValidateSmokeTest@4b5a5ed1]" name="ValidateNotificationPage" duration-ms="24945" started-at="2018-12-14T13:49:07Z" depends-on-methods="smokeTest.ValidateSmokeTest.ValidateLogin" finished-at="2018-12-14T13:49:32Z">
          <reporter-output>
          </reporter-output>
        </test-method> <!-- ValidateNotificationPage -->
        <test-method status="PASS" signature="ValidateLogo()[pri:5, instance:smokeTest.ValidateSmokeTest@4b5a5ed1]" name="ValidateLogo" duration-ms="3061" started-at="2018-12-14T13:49:32Z" depends-on-methods="smokeTest.ValidateSmokeTest.ValidateLogin" finished-at="2018-12-14T13:49:35Z">
          <reporter-output>
          </reporter-output>
        </test-method> <!-- ValidateLogo -->
        <test-method status="PASS" signature="ValidateMyProfile()[pri:6, instance:smokeTest.ValidateSmokeTest@4b5a5ed1]" name="ValidateMyProfile" duration-ms="20541" started-at="2018-12-14T13:49:35Z" depends-on-methods="smokeTest.ValidateSmokeTest.ValidateLogin" finished-at="2018-12-14T13:49:56Z">
          <reporter-output>
          </reporter-output>
        </test-method> <!-- ValidateMyProfile -->
        <test-method status="PASS" signature="ValidateEditProfile()[pri:7, instance:smokeTest.ValidateSmokeTest@4b5a5ed1]" name="ValidateEditProfile" duration-ms="19797" started-at="2018-12-14T13:49:56Z" depends-on-methods="smokeTest.ValidateSmokeTest.ValidateLogin" finished-at="2018-12-14T13:50:16Z">
          <reporter-output>
          </reporter-output>
        </test-method> <!-- ValidateEditProfile -->
        <test-method status="PASS" signature="ValidateChangePassword()[pri:8, instance:smokeTest.ValidateSmokeTest@4b5a5ed1]" name="ValidateChangePassword" duration-ms="28778" started-at="2018-12-14T13:50:16Z" depends-on-methods="smokeTest.ValidateSmokeTest.ValidateLogin" finished-at="2018-12-14T13:50:45Z">
          <reporter-output>
          </reporter-output>
        </test-method> <!-- ValidateChangePassword -->
        <test-method status="PASS" signature="ValidateCatalogRestriction()[pri:10, instance:smokeTest.ValidateSmokeTest@4b5a5ed1]" name="ValidateCatalogRestriction" duration-ms="17515" started-at="2018-12-14T13:50:45Z" depends-on-methods="smokeTest.ValidateSmokeTest.ValidateLogin" finished-at="2018-12-14T13:51:02Z">
          <reporter-output>
          </reporter-output>
        </test-method> <!-- ValidateCatalogRestriction -->
        <test-method status="PASS" signature="ValidateDomainLink()[pri:11, instance:smokeTest.ValidateSmokeTest@4b5a5ed1]" name="ValidateDomainLink" duration-ms="19559" started-at="2018-12-14T13:51:02Z" depends-on-methods="smokeTest.ValidateSmokeTest.ValidateLogin" finished-at="2018-12-14T13:51:22Z">
          <reporter-output>
          </reporter-output>
        </test-method> <!-- ValidateDomainLink -->
        <test-method status="PASS" signature="ValidateAddressPage()[pri:13, instance:smokeTest.ValidateSmokeTest@4b5a5ed1]" name="ValidateAddressPage" duration-ms="28535" started-at="2018-12-14T13:51:22Z" depends-on-methods="smokeTest.ValidateSmokeTest.ValidateLogin" finished-at="2018-12-14T13:51:50Z">
          <reporter-output>
          </reporter-output>
        </test-method> <!-- ValidateAddressPage -->
        <test-method status="PASS" signature="ValidateUsersPage()[pri:14, instance:smokeTest.ValidateSmokeTest@4b5a5ed1]" name="ValidateUsersPage" duration-ms="56244" started-at="2018-12-14T13:51:50Z" depends-on-methods="smokeTest.ValidateSmokeTest.ValidateLogin" finished-at="2018-12-14T13:52:46Z">
          <reporter-output>
          </reporter-output>
        </test-method> <!-- ValidateUsersPage -->
        <test-method status="PASS" signature="ValidateRequestTab()[pri:15, instance:smokeTest.ValidateSmokeTest@4b5a5ed1]" name="ValidateRequestTab" duration-ms="2282" started-at="2018-12-14T13:52:46Z" depends-on-methods="smokeTest.ValidateSmokeTest.ValidateLogin" finished-at="2018-12-14T13:52:49Z">
          <reporter-output>
          </reporter-output>
        </test-method> <!-- ValidateRequestTab -->
        <test-method status="PASS" signature="ValidateInviteTab()[pri:16, instance:smokeTest.ValidateSmokeTest@4b5a5ed1]" name="ValidateInviteTab" duration-ms="2218" started-at="2018-12-14T13:52:49Z" depends-on-methods="smokeTest.ValidateSmokeTest.ValidateLogin" finished-at="2018-12-14T13:52:51Z">
          <reporter-output>
          </reporter-output>
        </test-method> <!-- ValidateInviteTab -->
        <test-method status="PASS" signature="ValidateLogout()[pri:17, instance:smokeTest.ValidateSmokeTest@4b5a5ed1]" name="ValidateLogout" duration-ms="5301" started-at="2018-12-14T13:52:51Z" depends-on-methods="smokeTest.ValidateSmokeTest.ValidateLogin" finished-at="2018-12-14T13:52:56Z">
          <reporter-output>
          </reporter-output>
        </test-method> <!-- ValidateLogout -->
        <test-method status="PASS" signature="ValidateForgetPswd()[pri:18, instance:smokeTest.ValidateSmokeTest@4b5a5ed1]" name="ValidateForgetPswd" duration-ms="10127" started-at="2018-12-14T13:52:56Z" depends-on-methods="smokeTest.ValidateSmokeTest.ValidateLogin" finished-at="2018-12-14T13:53:06Z">
          <reporter-output>
          </reporter-output>
        </test-method> <!-- ValidateForgetPswd -->
        <test-method status="PASS" signature="ValidateRegPage()[pri:19, instance:smokeTest.ValidateSmokeTest@4b5a5ed1]" name="ValidateRegPage" duration-ms="14047" started-at="2018-12-14T13:53:06Z" depends-on-methods="smokeTest.ValidateSmokeTest.ValidateLogin" finished-at="2018-12-14T13:53:20Z">
          <reporter-output>
          </reporter-output>
        </test-method> <!-- ValidateRegPage -->
        <test-method status="PASS" signature="ValidateManagementLogin()[pri:22, instance:smokeTest.ValidateSmokeTest@4b5a5ed1]" name="ValidateManagementLogin" duration-ms="45855" started-at="2018-12-14T13:53:20Z" finished-at="2018-12-14T13:54:06Z">
          <reporter-output>
          </reporter-output>
        </test-method> <!-- ValidateManagementLogin -->
        <test-method status="PASS" signature="ValidateMngmntUsersTab()[pri:23, instance:smokeTest.ValidateSmokeTest@4b5a5ed1]" name="ValidateMngmntUsersTab" duration-ms="24971" started-at="2018-12-14T13:54:06Z" finished-at="2018-12-14T13:54:31Z">
          <reporter-output>
          </reporter-output>
        </test-method> <!-- ValidateMngmntUsersTab -->
      </class> <!-- smokeTest.ValidateSmokeTest -->
    </test> <!-- Default test -->
  </suite> <!-- Default suite -->
</testng-results>
